#-----------------------------------------------------------
# Vivado v2018.2 (64-bit)
# SW Build 2258646 on Thu Jun 14 20:03:12 MDT 2018
# IP Build 2256618 on Thu Jun 14 22:10:49 MDT 2018
# Start of session at: Sun Apr 16 14:46:31 2023
# Process ID: 72436
# Current directory: E:/Arm/item/robei/ccd_adc
# Command line: vivado.exe -gui_launcher_event rodinguilauncherevent70708 E:\Arm\item\robei\ccd_adc\ccd_adc.xpr
# Log file: E:/Arm/item/robei/ccd_adc/vivado.log
# Journal file: E:/Arm/item/robei/ccd_adc\vivado.jou
#-----------------------------------------------------------
start_gui
open_project E:/Arm/item/robei/ccd_adc/ccd_adc.xpr
Scanning sources...
Finished scanning sources
INFO: [IP_Flow 19-234] Refreshing IP repositories
INFO: [IP_Flow 19-1704] No user IP repositories specified
INFO: [IP_Flow 19-2313] Loaded Vivado IP repository 'D:/Xilinx/Vivado/2018.2/data/ip'.
open_project: Time (s): cpu = 00:00:11 ; elapsed = 00:00:06 . Memory (MB): peak = 978.363 ; gain = 205.336
update_compile_order -fileset sources_1
exit
INFO: [Common 17-206] Exiting Vivado at Sun Apr 16 14:47:14 2023...
