#-----------------------------------------------------------
# Vivado v2018.2 (64-bit)
# SW Build 2258646 on Thu Jun 14 20:03:12 MDT 2018
# IP Build 2256618 on Thu Jun 14 22:10:49 MDT 2018
# Start of session at: Mon Apr 24 20:28:16 2023
# Process ID: 26208
# Current directory: E:/Arm/item/robei/led_pwm_top
# Command line: vivado.exe -gui_launcher_event rodinguilauncherevent28808 E:\Arm\item\robei\led_pwm_top\led_pwm_top.xpr
# Log file: E:/Arm/item/robei/led_pwm_top/vivado.log
# Journal file: E:/Arm/item/robei/led_pwm_top\vivado.jou
#-----------------------------------------------------------
start_gui
open_project E:/Arm/item/robei/led_pwm_top/led_pwm_top.xpr
Scanning sources...
Finished scanning sources
INFO: [IP_Flow 19-234] Refreshing IP repositories
INFO: [IP_Flow 19-1704] No user IP repositories specified
INFO: [IP_Flow 19-2313] Loaded Vivado IP repository 'D:/Xilinx/Vivado/2018.2/data/ip'.
update_compile_order -fileset sources_1
exit
INFO: [Common 17-206] Exiting Vivado at Mon Apr 24 20:28:57 2023...
