#-----------------------------------------------------------
# Vivado v2018.2 (64-bit)
# SW Build 2258646 on Thu Jun 14 20:03:12 MDT 2018
# IP Build 2256618 on Thu Jun 14 22:10:49 MDT 2018
# Start of session at: Tue Apr 25 11:20:28 2023
# Process ID: 34672
# Current directory: E:/Arm/item/robei/item/led_pwm_top
# Command line: vivado.exe -gui_launcher_event rodinguilauncherevent20588 E:\Arm\item\robei\item\led_pwm_top\led_pwm_top.xpr
# Log file: E:/Arm/item/robei/item/led_pwm_top/vivado.log
# Journal file: E:/Arm/item/robei/item/led_pwm_top\vivado.jou
#-----------------------------------------------------------
start_gui
open_project E:/Arm/item/robei/item/led_pwm_top/led_pwm_top.xpr
Scanning sources...
Finished scanning sources
INFO: [IP_Flow 19-234] Refreshing IP repositories
INFO: [IP_Flow 19-1704] No user IP repositories specified
INFO: [IP_Flow 19-2313] Loaded Vivado IP repository 'D:/Xilinx/Vivado/2018.2/data/ip'.
open_project: Time (s): cpu = 00:00:10 ; elapsed = 00:00:07 . Memory (MB): peak = 839.793 ; gain = 148.617
update_compile_order -fileset sources_1
file mkdir E:/Arm/item/robei/item/led_pwm_top/led_pwm_top.srcs/constrs_1
file mkdir E:/Arm/item/robei/item/led_pwm_top/led_pwm_top.srcs/constrs_1/new
close [ open E:/Arm/item/robei/item/led_pwm_top/led_pwm_top.srcs/constrs_1/new/1.xdc w ]
add_files -fileset constrs_1 E:/Arm/item/robei/item/led_pwm_top/led_pwm_top.srcs/constrs_1/new/1.xdc
exit
INFO: [Common 17-206] Exiting Vivado at Tue Apr 25 22:35:57 2023...
